{"/Users/mac/Desktop/nyt/testAssaignment/App.js": {"path":"/Users/mac/Desktop/nyt/testAssaignment/App.js","statementMap":{"0":{"start":{"line":20,"column":14},"end":{"line":20,"column":36}},"1":{"start":{"line":21,"column":12},"end":{"line":32,"column":1}},"2":{"start":{"line":22,"column":2},"end":{"line":31,"column":4}},"3":{"start":{"line":35,"column":17},"end":{"line":45,"column":3}},"4":{"start":{"line":47,"column":2},"end":{"line":128,"column":4}},"5":{"start":{"line":130,"column":15},"end":{"line":135,"column":2}}},"fnMap":{"0":{"name":"(anonymous_0)","decl":{"start":{"line":21,"column":12},"end":{"line":21,"column":13}},"loc":{"start":{"line":21,"column":18},"end":{"line":32,"column":1}},"line":21},"1":{"name":"StackNavigator","decl":{"start":{"line":34,"column":9},"end":{"line":34,"column":23}},"loc":{"start":{"line":34,"column":38},"end":{"line":129,"column":1}},"line":34}},"branchMap":{},"s":{"0":1,"1":1,"2":4,"3":0,"4":0,"5":1},"f":{"0":4,"1":0},"b":{},"_coverageSchema":"1a1c01bbd47fc00a2c39e90264f33305004495a9","hash":"499b2baadc734c7b2cb7b7112efbff9e96b22ef1"}
,"/Users/mac/Desktop/nyt/testAssaignment/API/ApiCall.js": {"path":"/Users/mac/Desktop/nyt/testAssaignment/API/ApiCall.js","statementMap":{"0":{"start":{"line":3,"column":23},"end":{"line":7,"column":3}},"1":{"start":{"line":4,"column":2},"end":{"line":7,"column":3}},"2":{"start":{"line":9,"column":20},"end":{"line":10,"column":55}},"3":{"start":{"line":10,"column":2},"end":{"line":10,"column":55}},"4":{"start":{"line":11,"column":20},"end":{"line":12,"column":57}},"5":{"start":{"line":12,"column":2},"end":{"line":12,"column":57}},"6":{"start":{"line":14,"column":14},"end":{"line":15,"column":76}},"7":{"start":{"line":15,"column":2},"end":{"line":15,"column":76}},"8":{"start":{"line":16,"column":15},"end":{"line":17,"column":79}},"9":{"start":{"line":17,"column":2},"end":{"line":17,"column":79}}},"fnMap":{"0":{"name":"(anonymous_0)","decl":{"start":{"line":3,"column":23},"end":{"line":3,"column":24}},"loc":{"start":{"line":4,"column":2},"end":{"line":7,"column":3}},"line":4},"1":{"name":"(anonymous_1)","decl":{"start":{"line":9,"column":20},"end":{"line":9,"column":21}},"loc":{"start":{"line":10,"column":2},"end":{"line":10,"column":55}},"line":10},"2":{"name":"(anonymous_2)","decl":{"start":{"line":11,"column":20},"end":{"line":11,"column":21}},"loc":{"start":{"line":12,"column":2},"end":{"line":12,"column":57}},"line":12},"3":{"name":"(anonymous_3)","decl":{"start":{"line":14,"column":14},"end":{"line":14,"column":15}},"loc":{"start":{"line":15,"column":2},"end":{"line":15,"column":76}},"line":15},"4":{"name":"(anonymous_4)","decl":{"start":{"line":16,"column":15},"end":{"line":16,"column":16}},"loc":{"start":{"line":17,"column":2},"end":{"line":17,"column":79}},"line":17}},"branchMap":{},"s":{"0":1,"1":0,"2":1,"3":0,"4":1,"5":0,"6":1,"7":0,"8":1,"9":0},"f":{"0":0,"1":0,"2":0,"3":0,"4":0},"b":{},"_coverageSchema":"1a1c01bbd47fc00a2c39e90264f33305004495a9","hash":"8a5d56160618001044ae8c188073700e554e44d4"}
,"/Users/mac/Desktop/nyt/testAssaignment/API/Client.js": {"path":"/Users/mac/Desktop/nyt/testAssaignment/API/Client.js","statementMap":{"0":{"start":{"line":6,"column":18},"end":{"line":8,"column":2}},"1":{"start":{"line":9,"column":24},"end":{"line":11,"column":2}},"2":{"start":{"line":13,"column":23},"end":{"line":15,"column":2}},"3":{"start":{"line":17,"column":0},"end":{"line":27,"column":2}},"4":{"start":{"line":19,"column":4},"end":{"line":21,"column":7}},"5":{"start":{"line":22,"column":4},"end":{"line":22,"column":18}},"6":{"start":{"line":25,"column":4},"end":{"line":25,"column":33}},"7":{"start":{"line":28,"column":24},"end":{"line":33,"column":3}},"8":{"start":{"line":29,"column":2},"end":{"line":33,"column":3}},"9":{"start":{"line":36,"column":0},"end":{"line":50,"column":2}},"10":{"start":{"line":38,"column":4},"end":{"line":38,"column":20}},"11":{"start":{"line":41,"column":28},"end":{"line":41,"column":40}},"12":{"start":{"line":42,"column":4},"end":{"line":48,"column":5}},"13":{"start":{"line":43,"column":6},"end":{"line":43,"column":36}},"14":{"start":{"line":44,"column":6},"end":{"line":44,"column":44}},"15":{"start":{"line":45,"column":6},"end":{"line":45,"column":40}},"16":{"start":{"line":47,"column":6},"end":{"line":47,"column":28}},"17":{"start":{"line":53,"column":0},"end":{"line":61,"column":2}},"18":{"start":{"line":55,"column":4},"end":{"line":55,"column":73}},"19":{"start":{"line":56,"column":4},"end":{"line":56,"column":18}},"20":{"start":{"line":59,"column":4},"end":{"line":59,"column":33}},"21":{"start":{"line":63,"column":0},"end":{"line":71,"column":2}},"22":{"start":{"line":65,"column":4},"end":{"line":65,"column":20}},"23":{"start":{"line":68,"column":4},"end":{"line":68,"column":60}},"24":{"start":{"line":68,"column":38},"end":{"line":68,"column":60}},"25":{"start":{"line":69,"column":4},"end":{"line":69,"column":17}}},"fnMap":{"0":{"name":"(anonymous_0)","decl":{"start":{"line":18,"column":2},"end":{"line":18,"column":3}},"loc":{"start":{"line":18,"column":12},"end":{"line":23,"column":3}},"line":18},"1":{"name":"(anonymous_1)","decl":{"start":{"line":24,"column":2},"end":{"line":24,"column":3}},"loc":{"start":{"line":24,"column":11},"end":{"line":26,"column":3}},"line":24},"2":{"name":"(anonymous_2)","decl":{"start":{"line":28,"column":24},"end":{"line":28,"column":25}},"loc":{"start":{"line":29,"column":2},"end":{"line":33,"column":3}},"line":29},"3":{"name":"(anonymous_3)","decl":{"start":{"line":37,"column":2},"end":{"line":37,"column":3}},"loc":{"start":{"line":37,"column":14},"end":{"line":39,"column":3}},"line":37},"4":{"name":"(anonymous_4)","decl":{"start":{"line":40,"column":2},"end":{"line":40,"column":3}},"loc":{"start":{"line":40,"column":17},"end":{"line":49,"column":3}},"line":40},"5":{"name":"(anonymous_5)","decl":{"start":{"line":54,"column":2},"end":{"line":54,"column":3}},"loc":{"start":{"line":54,"column":12},"end":{"line":57,"column":3}},"line":54},"6":{"name":"(anonymous_6)","decl":{"start":{"line":58,"column":2},"end":{"line":58,"column":3}},"loc":{"start":{"line":58,"column":11},"end":{"line":60,"column":3}},"line":58},"7":{"name":"(anonymous_7)","decl":{"start":{"line":64,"column":2},"end":{"line":64,"column":3}},"loc":{"start":{"line":64,"column":14},"end":{"line":66,"column":3}},"line":64},"8":{"name":"(anonymous_8)","decl":{"start":{"line":67,"column":2},"end":{"line":67,"column":3}},"loc":{"start":{"line":67,"column":17},"end":{"line":70,"column":3}},"line":67}},"branchMap":{"0":{"loc":{"start":{"line":42,"column":4},"end":{"line":48,"column":5}},"type":"if","locations":[{"start":{"line":42,"column":4},"end":{"line":48,"column":5}},{"start":{"line":46,"column":11},"end":{"line":48,"column":5}}],"line":42},"1":{"loc":{"start":{"line":42,"column":8},"end":{"line":42,"column":64}},"type":"binary-expr","locations":[{"start":{"line":42,"column":8},"end":{"line":42,"column":37}},{"start":{"line":42,"column":41},"end":{"line":42,"column":64}}],"line":42},"2":{"loc":{"start":{"line":68,"column":4},"end":{"line":68,"column":60}},"type":"if","locations":[{"start":{"line":68,"column":4},"end":{"line":68,"column":60}},{"start":{},"end":{}}],"line":68}},"s":{"0":1,"1":1,"2":1,"3":1,"4":0,"5":0,"6":0,"7":1,"8":0,"9":1,"10":0,"11":0,"12":0,"13":0,"14":0,"15":0,"16":0,"17":1,"18":0,"19":0,"20":0,"21":1,"22":0,"23":0,"24":0,"25":0},"f":{"0":0,"1":0,"2":0,"3":0,"4":0,"5":0,"6":0,"7":0,"8":0},"b":{"0":[0,0],"1":[0,0],"2":[0,0]},"_coverageSchema":"1a1c01bbd47fc00a2c39e90264f33305004495a9","hash":"db2aa90000faab0bd9aea2d76d35d1fb6a9c5d94"}
,"/Users/mac/Desktop/nyt/testAssaignment/__moks__/ImageMock.js": {"path":"/Users/mac/Desktop/nyt/testAssaignment/__moks__/ImageMock.js","statementMap":{},"fnMap":{},"branchMap":{},"s":{},"f":{},"b":{},"_coverageSchema":"1a1c01bbd47fc00a2c39e90264f33305004495a9","hash":"6120927ad774cf431d93b3f071394a4dfc792048"}
,"/Users/mac/Desktop/nyt/testAssaignment/components/comment.js": {"path":"/Users/mac/Desktop/nyt/testAssaignment/components/comment.js","statementMap":{"0":{"start":{"line":17,"column":10},"end":{"line":17,"column":30}},"1":{"start":{"line":18,"column":2},"end":{"line":18,"column":21}},"2":{"start":{"line":19,"column":2},"end":{"line":19,"column":11}},"3":{"start":{"line":21,"column":16},"end":{"line":36,"column":1}},"4":{"start":{"line":22,"column":2},"end":{"line":35,"column":4}},"5":{"start":{"line":38,"column":15},"end":{"line":67,"column":2}}},"fnMap":{"0":{"name":"toDateTime","decl":{"start":{"line":16,"column":9},"end":{"line":16,"column":19}},"loc":{"start":{"line":16,"column":26},"end":{"line":20,"column":1}},"line":16},"1":{"name":"(anonymous_1)","decl":{"start":{"line":21,"column":16},"end":{"line":21,"column":17}},"loc":{"start":{"line":21,"column":75},"end":{"line":36,"column":1}},"line":21}},"branchMap":{},"s":{"0":0,"1":0,"2":0,"3":1,"4":0,"5":1},"f":{"0":0,"1":0},"b":{},"_coverageSchema":"1a1c01bbd47fc00a2c39e90264f33305004495a9","hash":"1aa57544bb0255b5f27fbbbe1131bdf38623ca7b"}
,"/Users/mac/Desktop/nyt/testAssaignment/components/searchBar.js": {"path":"/Users/mac/Desktop/nyt/testAssaignment/components/searchBar.js","statementMap":{"0":{"start":{"line":19,"column":18},"end":{"line":97,"column":1}},"1":{"start":{"line":20,"column":40},"end":{"line":20,"column":55}},"2":{"start":{"line":21,"column":40},"end":{"line":21,"column":52}},"3":{"start":{"line":22,"column":19},"end":{"line":22,"column":31}},"4":{"start":{"line":23,"column":20},"end":{"line":23,"column":65}},"5":{"start":{"line":23,"column":41},"end":{"line":23,"column":64}},"6":{"start":{"line":24,"column":24},"end":{"line":24,"column":37}},"7":{"start":{"line":26,"column":2},"end":{"line":39,"column":20}},"8":{"start":{"line":27,"column":29},"end":{"line":29,"column":6}},"9":{"start":{"line":28,"column":6},"end":{"line":28,"column":27}},"10":{"start":{"line":30,"column":29},"end":{"line":33,"column":6}},"11":{"start":{"line":31,"column":6},"end":{"line":31,"column":28}},"12":{"start":{"line":32,"column":6},"end":{"line":32,"column":31}},"13":{"start":{"line":35,"column":4},"end":{"line":38,"column":6}},"14":{"start":{"line":36,"column":6},"end":{"line":36,"column":32}},"15":{"start":{"line":37,"column":6},"end":{"line":37,"column":32}},"16":{"start":{"line":42,"column":23},"end":{"line":47,"column":3}},"17":{"start":{"line":43,"column":4},"end":{"line":46,"column":5}},"18":{"start":{"line":44,"column":6},"end":{"line":44,"column":54}},"19":{"start":{"line":45,"column":6},"end":{"line":45,"column":69}},"20":{"start":{"line":49,"column":2},"end":{"line":96,"column":4}},"21":{"start":{"line":56,"column":32},"end":{"line":56,"column":52}},"22":{"start":{"line":57,"column":33},"end":{"line":57,"column":47}},"23":{"start":{"line":62,"column":25},"end":{"line":62,"column":39}},"24":{"start":{"line":73,"column":43},"end":{"line":73,"column":51}},"25":{"start":{"line":76,"column":14},"end":{"line":83,"column":16}},"26":{"start":{"line":80,"column":33},"end":{"line":80,"column":54}},"27":{"start":{"line":88,"column":29},"end":{"line":88,"column":58}},"28":{"start":{"line":98,"column":15},"end":{"line":129,"column":2}}},"fnMap":{"0":{"name":"(anonymous_0)","decl":{"start":{"line":19,"column":18},"end":{"line":19,"column":19}},"loc":{"start":{"line":19,"column":36},"end":{"line":97,"column":1}},"line":19},"1":{"name":"(anonymous_1)","decl":{"start":{"line":23,"column":32},"end":{"line":23,"column":33}},"loc":{"start":{"line":23,"column":41},"end":{"line":23,"column":64}},"line":23},"2":{"name":"(anonymous_2)","decl":{"start":{"line":26,"column":12},"end":{"line":26,"column":13}},"loc":{"start":{"line":26,"column":18},"end":{"line":39,"column":3}},"line":26},"3":{"name":"(anonymous_3)","decl":{"start":{"line":27,"column":69},"end":{"line":27,"column":70}},"loc":{"start":{"line":27,"column":75},"end":{"line":29,"column":5}},"line":27},"4":{"name":"(anonymous_4)","decl":{"start":{"line":30,"column":69},"end":{"line":30,"column":70}},"loc":{"start":{"line":30,"column":75},"end":{"line":33,"column":5}},"line":30},"5":{"name":"(anonymous_5)","decl":{"start":{"line":35,"column":11},"end":{"line":35,"column":12}},"loc":{"start":{"line":35,"column":17},"end":{"line":38,"column":5}},"line":35},"6":{"name":"(anonymous_6)","decl":{"start":{"line":42,"column":23},"end":{"line":42,"column":24}},"loc":{"start":{"line":42,"column":34},"end":{"line":47,"column":3}},"line":42},"7":{"name":"(anonymous_7)","decl":{"start":{"line":56,"column":24},"end":{"line":56,"column":25}},"loc":{"start":{"line":56,"column":32},"end":{"line":56,"column":52}},"line":56},"8":{"name":"(anonymous_8)","decl":{"start":{"line":57,"column":27},"end":{"line":57,"column":28}},"loc":{"start":{"line":57,"column":33},"end":{"line":57,"column":47}},"line":57},"9":{"name":"(anonymous_9)","decl":{"start":{"line":62,"column":19},"end":{"line":62,"column":20}},"loc":{"start":{"line":62,"column":25},"end":{"line":62,"column":39}},"line":62},"10":{"name":"(anonymous_10)","decl":{"start":{"line":73,"column":38},"end":{"line":73,"column":39}},"loc":{"start":{"line":73,"column":43},"end":{"line":73,"column":51}},"line":73},"11":{"name":"(anonymous_11)","decl":{"start":{"line":75,"column":17},"end":{"line":75,"column":18}},"loc":{"start":{"line":75,"column":37},"end":{"line":84,"column":13}},"line":75},"12":{"name":"(anonymous_12)","decl":{"start":{"line":80,"column":27},"end":{"line":80,"column":28}},"loc":{"start":{"line":80,"column":33},"end":{"line":80,"column":54}},"line":80},"13":{"name":"(anonymous_13)","decl":{"start":{"line":88,"column":23},"end":{"line":88,"column":24}},"loc":{"start":{"line":88,"column":29},"end":{"line":88,"column":58}},"line":88}},"branchMap":{"0":{"loc":{"start":{"line":43,"column":4},"end":{"line":46,"column":5}},"type":"if","locations":[{"start":{"line":43,"column":4},"end":{"line":46,"column":5}},{"start":{},"end":{}}],"line":43},"1":{"loc":{"start":{"line":44,"column":29},"end":{"line":44,"column":51}},"type":"binary-expr","locations":[{"start":{"line":44,"column":29},"end":{"line":44,"column":36}},{"start":{"line":44,"column":40},"end":{"line":44,"column":51}}],"line":44},"2":{"loc":{"start":{"line":45,"column":44},"end":{"line":45,"column":66}},"type":"binary-expr","locations":[{"start":{"line":45,"column":44},"end":{"line":45,"column":51}},{"start":{"line":45,"column":55},"end":{"line":45,"column":66}}],"line":45},"3":{"loc":{"start":{"line":69,"column":7},"end":{"line":94,"column":7}},"type":"binary-expr","locations":[{"start":{"line":69,"column":7},"end":{"line":69,"column":18}},{"start":{"line":71,"column":8},"end":{"line":93,"column":15}}],"line":69},"4":{"loc":{"start":{"line":73,"column":23},"end":{"line":73,"column":58}},"type":"binary-expr","locations":[{"start":{"line":73,"column":23},"end":{"line":73,"column":52}},{"start":{"line":73,"column":56},"end":{"line":73,"column":58}}],"line":73},"5":{"loc":{"start":{"line":86,"column":11},"end":{"line":92,"column":11}},"type":"binary-expr","locations":[{"start":{"line":86,"column":11},"end":{"line":86,"column":32}},{"start":{"line":87,"column":12},"end":{"line":91,"column":31}}],"line":86}},"s":{"0":1,"1":0,"2":0,"3":0,"4":0,"5":0,"6":0,"7":0,"8":0,"9":0,"10":0,"11":0,"12":0,"13":0,"14":0,"15":0,"16":0,"17":0,"18":0,"19":0,"20":0,"21":0,"22":0,"23":0,"24":0,"25":0,"26":0,"27":0,"28":1},"f":{"0":0,"1":0,"2":0,"3":0,"4":0,"5":0,"6":0,"7":0,"8":0,"9":0,"10":0,"11":0,"12":0,"13":0},"b":{"0":[0,0],"1":[0,0],"2":[0,0],"3":[0,0],"4":[0,0],"5":[0,0]},"_coverageSchema":"1a1c01bbd47fc00a2c39e90264f33305004495a9","hash":"f4f795078700d670ea3a11a390c1227857789b2b"}
,"/Users/mac/Desktop/nyt/testAssaignment/components/search_Item.js": {"path":"/Users/mac/Desktop/nyt/testAssaignment/components/search_Item.js","statementMap":{"0":{"start":{"line":19,"column":10},"end":{"line":19,"column":30}},"1":{"start":{"line":20,"column":2},"end":{"line":20,"column":21}},"2":{"start":{"line":21,"column":2},"end":{"line":21,"column":11}},"3":{"start":{"line":23,"column":14},"end":{"line":23,"column":71}},"4":{"start":{"line":23,"column":19},"end":{"line":23,"column":71}},"5":{"start":{"line":25,"column":19},"end":{"line":55,"column":1}},"6":{"start":{"line":34,"column":2},"end":{"line":54,"column":4}},"7":{"start":{"line":49,"column":25},"end":{"line":49,"column":49}},"8":{"start":{"line":56,"column":15},"end":{"line":80,"column":2}}},"fnMap":{"0":{"name":"toDateTime","decl":{"start":{"line":18,"column":9},"end":{"line":18,"column":19}},"loc":{"start":{"line":18,"column":26},"end":{"line":22,"column":1}},"line":18},"1":{"name":"(anonymous_1)","decl":{"start":{"line":23,"column":14},"end":{"line":23,"column":15}},"loc":{"start":{"line":23,"column":19},"end":{"line":23,"column":71}},"line":23},"2":{"name":"(anonymous_2)","decl":{"start":{"line":25,"column":19},"end":{"line":25,"column":20}},"loc":{"start":{"line":33,"column":6},"end":{"line":55,"column":1}},"line":33},"3":{"name":"(anonymous_3)","decl":{"start":{"line":49,"column":19},"end":{"line":49,"column":20}},"loc":{"start":{"line":49,"column":25},"end":{"line":49,"column":49}},"line":49}},"branchMap":{},"s":{"0":0,"1":0,"2":0,"3":1,"4":0,"5":1,"6":0,"7":0,"8":1},"f":{"0":0,"1":0,"2":0,"3":0},"b":{},"_coverageSchema":"1a1c01bbd47fc00a2c39e90264f33305004495a9","hash":"4c57fcc1b0ef4778faf163c181d875e55277bd64"}
,"/Users/mac/Desktop/nyt/testAssaignment/components/textBase.js": {"path":"/Users/mac/Desktop/nyt/testAssaignment/components/textBase.js","statementMap":{"0":{"start":{"line":5,"column":24},"end":{"line":7,"column":1}},"1":{"start":{"line":6,"column":2},"end":{"line":6,"column":72}},"2":{"start":{"line":9,"column":26},"end":{"line":13,"column":1}},"3":{"start":{"line":10,"column":2},"end":{"line":12,"column":4}},"4":{"start":{"line":15,"column":27},"end":{"line":17,"column":1}},"5":{"start":{"line":16,"column":2},"end":{"line":16,"column":62}},"6":{"start":{"line":18,"column":21},"end":{"line":20,"column":1}},"7":{"start":{"line":19,"column":2},"end":{"line":19,"column":69}},"8":{"start":{"line":22,"column":26},"end":{"line":24,"column":1}},"9":{"start":{"line":23,"column":2},"end":{"line":23,"column":74}},"10":{"start":{"line":26,"column":17},"end":{"line":26,"column":71}},"11":{"start":{"line":28,"column":15},"end":{"line":51,"column":2}}},"fnMap":{"0":{"name":"(anonymous_0)","decl":{"start":{"line":5,"column":24},"end":{"line":5,"column":25}},"loc":{"start":{"line":5,"column":59},"end":{"line":7,"column":1}},"line":5},"1":{"name":"(anonymous_1)","decl":{"start":{"line":9,"column":26},"end":{"line":9,"column":27}},"loc":{"start":{"line":9,"column":35},"end":{"line":13,"column":1}},"line":9},"2":{"name":"(anonymous_2)","decl":{"start":{"line":15,"column":27},"end":{"line":15,"column":28}},"loc":{"start":{"line":15,"column":36},"end":{"line":17,"column":1}},"line":15},"3":{"name":"(anonymous_3)","decl":{"start":{"line":18,"column":21},"end":{"line":18,"column":22}},"loc":{"start":{"line":18,"column":56},"end":{"line":20,"column":1}},"line":18},"4":{"name":"(anonymous_4)","decl":{"start":{"line":22,"column":26},"end":{"line":22,"column":27}},"loc":{"start":{"line":22,"column":65},"end":{"line":24,"column":1}},"line":22}},"branchMap":{"0":{"loc":{"start":{"line":5,"column":32},"end":{"line":5,"column":53}},"type":"default-arg","locations":[{"start":{"line":5,"column":41},"end":{"line":5,"column":53}}],"line":5},"1":{"loc":{"start":{"line":18,"column":29},"end":{"line":18,"column":50}},"type":"default-arg","locations":[{"start":{"line":18,"column":38},"end":{"line":18,"column":50}}],"line":18},"2":{"loc":{"start":{"line":22,"column":34},"end":{"line":22,"column":59}},"type":"default-arg","locations":[{"start":{"line":22,"column":43},"end":{"line":22,"column":59}}],"line":22}},"s":{"0":1,"1":0,"2":1,"3":0,"4":1,"5":0,"6":1,"7":0,"8":1,"9":0,"10":1,"11":1},"f":{"0":0,"1":0,"2":0,"3":0,"4":0},"b":{"0":[0],"1":[0],"2":[0]},"_coverageSchema":"1a1c01bbd47fc00a2c39e90264f33305004495a9","hash":"38f147b57852a8fda97c0ec34c2c4087de50673b"}
,"/Users/mac/Desktop/nyt/testAssaignment/components/top_news.js": {"path":"/Users/mac/Desktop/nyt/testAssaignment/components/top_news.js","statementMap":{"0":{"start":{"line":18,"column":10},"end":{"line":18,"column":30}},"1":{"start":{"line":19,"column":2},"end":{"line":19,"column":21}},"2":{"start":{"line":20,"column":2},"end":{"line":20,"column":11}},"3":{"start":{"line":22,"column":20},"end":{"line":63,"column":1}},"4":{"start":{"line":32,"column":2},"end":{"line":62,"column":4}},"5":{"start":{"line":48,"column":12},"end":{"line":56,"column":14}},"6":{"start":{"line":64,"column":15},"end":{"line":88,"column":2}}},"fnMap":{"0":{"name":"toDateTime","decl":{"start":{"line":17,"column":9},"end":{"line":17,"column":19}},"loc":{"start":{"line":17,"column":26},"end":{"line":21,"column":1}},"line":17},"1":{"name":"(anonymous_1)","decl":{"start":{"line":22,"column":20},"end":{"line":22,"column":21}},"loc":{"start":{"line":31,"column":6},"end":{"line":63,"column":1}},"line":31},"2":{"name":"(anonymous_2)","decl":{"start":{"line":47,"column":19},"end":{"line":47,"column":20}},"loc":{"start":{"line":48,"column":12},"end":{"line":56,"column":14}},"line":48}},"branchMap":{},"s":{"0":0,"1":0,"2":0,"3":1,"4":0,"5":0,"6":1},"f":{"0":0,"1":0,"2":0},"b":{},"_coverageSchema":"1a1c01bbd47fc00a2c39e90264f33305004495a9","hash":"06724e92e822f2bfcf502a95fa5c6747782613b1"}
,"/Users/mac/Desktop/nyt/testAssaignment/constants/theme.js": {"path":"/Users/mac/Desktop/nyt/testAssaignment/constants/theme.js","statementMap":{"0":{"start":{"line":1,"column":22},"end":{"line":17,"column":1}},"1":{"start":{"line":19,"column":21},"end":{"line":27,"column":1}},"2":{"start":{"line":29,"column":17},"end":{"line":29,"column":32}}},"fnMap":{},"branchMap":{},"s":{"0":1,"1":1,"2":1},"f":{},"b":{},"_coverageSchema":"1a1c01bbd47fc00a2c39e90264f33305004495a9","hash":"7b5e7c6788129e4733051851bafe0b6c57c5db64"}
,"/Users/mac/Desktop/nyt/testAssaignment/hooks/ApiUsage.js": {"path":"/Users/mac/Desktop/nyt/testAssaignment/hooks/ApiUsage.js","statementMap":{"0":{"start":{"line":6,"column":26},"end":{"line":6,"column":38}},"1":{"start":{"line":7,"column":28},"end":{"line":7,"column":43}},"2":{"start":{"line":8,"column":32},"end":{"line":8,"column":46}},"3":{"start":{"line":9,"column":43},"end":{"line":9,"column":55}},"4":{"start":{"line":11,"column":18},"end":{"line":25,"column":3}},"5":{"start":{"line":12,"column":4},"end":{"line":12,"column":21}},"6":{"start":{"line":13,"column":4},"end":{"line":13,"column":20}},"7":{"start":{"line":14,"column":21},"end":{"line":14,"column":47}},"8":{"start":{"line":15,"column":4},"end":{"line":21,"column":5}},"9":{"start":{"line":16,"column":6},"end":{"line":16,"column":48}},"10":{"start":{"line":17,"column":6},"end":{"line":17,"column":78}},"11":{"start":{"line":18,"column":6},"end":{"line":18,"column":21}},"12":{"start":{"line":19,"column":6},"end":{"line":19,"column":24}},"13":{"start":{"line":20,"column":6},"end":{"line":20,"column":13}},"14":{"start":{"line":22,"column":4},"end":{"line":22,"column":20}},"15":{"start":{"line":23,"column":4},"end":{"line":23,"column":28}},"16":{"start":{"line":24,"column":4},"end":{"line":24,"column":22}},"17":{"start":{"line":26,"column":2},"end":{"line":26,"column":55}},"18":{"start":{"line":29,"column":18},"end":{"line":35,"column":1}},"19":{"start":{"line":30,"column":2},"end":{"line":34,"column":5}}},"fnMap":{"0":{"name":"useApi","decl":{"start":{"line":5,"column":24},"end":{"line":5,"column":30}},"loc":{"start":{"line":5,"column":58},"end":{"line":27,"column":1}},"line":5},"1":{"name":"(anonymous_1)","decl":{"start":{"line":11,"column":18},"end":{"line":11,"column":19}},"loc":{"start":{"line":11,"column":30},"end":{"line":25,"column":3}},"line":11},"2":{"name":"(anonymous_2)","decl":{"start":{"line":29,"column":18},"end":{"line":29,"column":19}},"loc":{"start":{"line":29,"column":44},"end":{"line":35,"column":1}},"line":29}},"branchMap":{"0":{"loc":{"start":{"line":5,"column":47},"end":{"line":5,"column":56}},"type":"default-arg","locations":[{"start":{"line":5,"column":54},"end":{"line":5,"column":56}}],"line":5},"1":{"loc":{"start":{"line":15,"column":4},"end":{"line":21,"column":5}},"type":"if","locations":[{"start":{"line":15,"column":4},"end":{"line":21,"column":5}},{"start":{},"end":{}}],"line":15},"2":{"loc":{"start":{"line":17,"column":25},"end":{"line":17,"column":67}},"type":"binary-expr","locations":[{"start":{"line":17,"column":25},"end":{"line":17,"column":48}},{"start":{"line":17,"column":52},"end":{"line":17,"column":67}}],"line":17}},"s":{"0":0,"1":0,"2":0,"3":0,"4":0,"5":0,"6":0,"7":0,"8":0,"9":0,"10":0,"11":0,"12":0,"13":0,"14":0,"15":0,"16":0,"17":0,"18":1,"19":0},"f":{"0":0,"1":0,"2":0},"b":{"0":[0],"1":[0,0],"2":[0,0]},"_coverageSchema":"1a1c01bbd47fc00a2c39e90264f33305004495a9","hash":"95c28b04543a385888952647808fd9c9163ddf61"}
,"/Users/mac/Desktop/nyt/testAssaignment/redux/actions/authenticationAction.js": {"path":"/Users/mac/Desktop/nyt/testAssaignment/redux/actions/authenticationAction.js","statementMap":{"0":{"start":{"line":3,"column":26},"end":{"line":3,"column":38}},"1":{"start":{"line":4,"column":23},"end":{"line":4,"column":32}},"2":{"start":{"line":5,"column":24},"end":{"line":5,"column":34}},"3":{"start":{"line":6,"column":25},"end":{"line":6,"column":36}},"4":{"start":{"line":7,"column":38},"end":{"line":7,"column":62}},"5":{"start":{"line":9,"column":25},"end":{"line":17,"column":2}},"6":{"start":{"line":9,"column":75},"end":{"line":17,"column":1}},"7":{"start":{"line":19,"column":22},"end":{"line":24,"column":2}},"8":{"start":{"line":19,"column":29},"end":{"line":24,"column":1}},"9":{"start":{"line":26,"column":23},"end":{"line":31,"column":2}},"10":{"start":{"line":26,"column":30},"end":{"line":31,"column":1}},"11":{"start":{"line":33,"column":24},"end":{"line":36,"column":2}},"12":{"start":{"line":33,"column":31},"end":{"line":36,"column":1}},"13":{"start":{"line":39,"column":2},"end":{"line":56,"column":4}},"14":{"start":{"line":40,"column":4},"end":{"line":55,"column":5}},"15":{"start":{"line":41,"column":18},"end":{"line":41,"column":48}},"16":{"start":{"line":42,"column":6},"end":{"line":52,"column":7}},"17":{"start":{"line":43,"column":8},"end":{"line":51,"column":11}},"18":{"start":{"line":54,"column":6},"end":{"line":54,"column":25}},"19":{"start":{"line":59,"column":35},"end":{"line":63,"column":1}},"20":{"start":{"line":60,"column":2},"end":{"line":62,"column":4}}},"fnMap":{"0":{"name":"(anonymous_0)","decl":{"start":{"line":9,"column":25},"end":{"line":9,"column":26}},"loc":{"start":{"line":9,"column":75},"end":{"line":17,"column":1}},"line":9},"1":{"name":"(anonymous_1)","decl":{"start":{"line":19,"column":22},"end":{"line":19,"column":23}},"loc":{"start":{"line":19,"column":29},"end":{"line":24,"column":1}},"line":19},"2":{"name":"(anonymous_2)","decl":{"start":{"line":26,"column":23},"end":{"line":26,"column":24}},"loc":{"start":{"line":26,"column":30},"end":{"line":31,"column":1}},"line":26},"3":{"name":"(anonymous_3)","decl":{"start":{"line":33,"column":24},"end":{"line":33,"column":25}},"loc":{"start":{"line":33,"column":31},"end":{"line":36,"column":1}},"line":33},"4":{"name":"_refreshToken","decl":{"start":{"line":38,"column":16},"end":{"line":38,"column":29}},"loc":{"start":{"line":38,"column":32},"end":{"line":57,"column":1}},"line":38},"5":{"name":"(anonymous_5)","decl":{"start":{"line":39,"column":9},"end":{"line":39,"column":10}},"loc":{"start":{"line":39,"column":35},"end":{"line":56,"column":3}},"line":39},"6":{"name":"(anonymous_6)","decl":{"start":{"line":59,"column":35},"end":{"line":59,"column":36}},"loc":{"start":{"line":59,"column":41},"end":{"line":63,"column":1}},"line":59}},"branchMap":{"0":{"loc":{"start":{"line":42,"column":6},"end":{"line":52,"column":7}},"type":"if","locations":[{"start":{"line":42,"column":6},"end":{"line":52,"column":7}},{"start":{},"end":{}}],"line":42}},"s":{"0":1,"1":1,"2":1,"3":1,"4":1,"5":1,"6":0,"7":1,"8":0,"9":1,"10":0,"11":1,"12":0,"13":0,"14":0,"15":0,"16":0,"17":0,"18":0,"19":1,"20":0},"f":{"0":0,"1":0,"2":0,"3":0,"4":0,"5":0,"6":0},"b":{"0":[0,0]},"_coverageSchema":"1a1c01bbd47fc00a2c39e90264f33305004495a9","hash":"cc894e8add81393d64176b6500f0a34e592aa47d"}
,"/Users/mac/Desktop/nyt/testAssaignment/redux/actions/searchAction.js": {"path":"/Users/mac/Desktop/nyt/testAssaignment/redux/actions/searchAction.js","statementMap":{"0":{"start":{"line":1,"column":25},"end":{"line":1,"column":36}},"1":{"start":{"line":3,"column":29},"end":{"line":3,"column":44}},"2":{"start":{"line":5,"column":14},"end":{"line":5,"column":15}},"3":{"start":{"line":7,"column":24},"end":{"line":13,"column":2}},"4":{"start":{"line":7,"column":34},"end":{"line":13,"column":1}},"5":{"start":{"line":15,"column":28},"end":{"line":18,"column":2}},"6":{"start":{"line":15,"column":35},"end":{"line":18,"column":1}}},"fnMap":{"0":{"name":"(anonymous_0)","decl":{"start":{"line":7,"column":24},"end":{"line":7,"column":25}},"loc":{"start":{"line":7,"column":34},"end":{"line":13,"column":1}},"line":7},"1":{"name":"(anonymous_1)","decl":{"start":{"line":15,"column":28},"end":{"line":15,"column":29}},"loc":{"start":{"line":15,"column":35},"end":{"line":18,"column":1}},"line":15}},"branchMap":{},"s":{"0":1,"1":1,"2":1,"3":1,"4":0,"5":1,"6":0},"f":{"0":0,"1":0},"b":{},"_coverageSchema":"1a1c01bbd47fc00a2c39e90264f33305004495a9","hash":"ebf551c30f887f6bb2bd97a60698a51ce5dd841f"}
,"/Users/mac/Desktop/nyt/testAssaignment/redux/reducers/authenticationReducer.js": {"path":"/Users/mac/Desktop/nyt/testAssaignment/redux/reducers/authenticationReducer.js","statementMap":{"0":{"start":{"line":9,"column":21},"end":{"line":11,"column":1}},"1":{"start":{"line":13,"column":30},"end":{"line":56,"column":1}},"2":{"start":{"line":14,"column":2},"end":{"line":55,"column":3}},"3":{"start":{"line":16,"column":60},"end":{"line":16,"column":74}},"4":{"start":{"line":17,"column":6},"end":{"line":23,"column":8}},"5":{"start":{"line":26,"column":28},"end":{"line":26,"column":42}},"6":{"start":{"line":27,"column":6},"end":{"line":33,"column":8}},"7":{"start":{"line":36,"column":28},"end":{"line":36,"column":42}},"8":{"start":{"line":37,"column":6},"end":{"line":40,"column":8}},"9":{"start":{"line":43,"column":6},"end":{"line":45,"column":8}},"10":{"start":{"line":48,"column":6},"end":{"line":51,"column":8}},"11":{"start":{"line":54,"column":6},"end":{"line":54,"column":19}}},"fnMap":{"0":{"name":"(anonymous_0)","decl":{"start":{"line":13,"column":30},"end":{"line":13,"column":31}},"loc":{"start":{"line":13,"column":64},"end":{"line":56,"column":1}},"line":13}},"branchMap":{"0":{"loc":{"start":{"line":13,"column":31},"end":{"line":13,"column":51}},"type":"default-arg","locations":[{"start":{"line":13,"column":39},"end":{"line":13,"column":51}}],"line":13},"1":{"loc":{"start":{"line":14,"column":2},"end":{"line":55,"column":3}},"type":"switch","locations":[{"start":{"line":15,"column":4},"end":{"line":24,"column":5}},{"start":{"line":25,"column":4},"end":{"line":34,"column":5}},{"start":{"line":35,"column":4},"end":{"line":41,"column":5}},{"start":{"line":42,"column":4},"end":{"line":46,"column":5}},{"start":{"line":47,"column":4},"end":{"line":52,"column":5}},{"start":{"line":53,"column":4},"end":{"line":54,"column":19}}],"line":14}},"s":{"0":1,"1":1,"2":5,"3":0,"4":0,"5":0,"6":0,"7":0,"8":0,"9":0,"10":0,"11":5},"f":{"0":5},"b":{"0":[4],"1":[0,0,0,0,0,5]},"_coverageSchema":"1a1c01bbd47fc00a2c39e90264f33305004495a9","hash":"a8530222b28192a570ab8a25344b890bb09ee53c"}
,"/Users/mac/Desktop/nyt/testAssaignment/redux/reducers/index.js": {"path":"/Users/mac/Desktop/nyt/testAssaignment/redux/reducers/index.js","statementMap":{},"fnMap":{},"branchMap":{},"s":{},"f":{},"b":{},"_coverageSchema":"1a1c01bbd47fc00a2c39e90264f33305004495a9","hash":"92cb5c8b890128d80eac48b50bba22384b3db6b9"}
,"/Users/mac/Desktop/nyt/testAssaignment/redux/reducers/queryReducer.js": {"path":"/Users/mac/Desktop/nyt/testAssaignment/redux/reducers/queryReducer.js","statementMap":{"0":{"start":{"line":3,"column":21},"end":{"line":5,"column":1}},"1":{"start":{"line":7,"column":21},"end":{"line":25,"column":1}},"2":{"start":{"line":8,"column":2},"end":{"line":24,"column":3}},"3":{"start":{"line":10,"column":26},"end":{"line":10,"column":40}},"4":{"start":{"line":11,"column":6},"end":{"line":14,"column":8}},"5":{"start":{"line":17,"column":6},"end":{"line":20,"column":8}},"6":{"start":{"line":23,"column":6},"end":{"line":23,"column":19}}},"fnMap":{"0":{"name":"(anonymous_0)","decl":{"start":{"line":7,"column":21},"end":{"line":7,"column":22}},"loc":{"start":{"line":7,"column":55},"end":{"line":25,"column":1}},"line":7}},"branchMap":{"0":{"loc":{"start":{"line":7,"column":22},"end":{"line":7,"column":42}},"type":"default-arg","locations":[{"start":{"line":7,"column":30},"end":{"line":7,"column":42}}],"line":7},"1":{"loc":{"start":{"line":8,"column":2},"end":{"line":24,"column":3}},"type":"switch","locations":[{"start":{"line":9,"column":4},"end":{"line":15,"column":5}},{"start":{"line":16,"column":4},"end":{"line":21,"column":5}},{"start":{"line":22,"column":4},"end":{"line":23,"column":19}}],"line":8}},"s":{"0":1,"1":1,"2":5,"3":0,"4":0,"5":0,"6":5},"f":{"0":5},"b":{"0":[4],"1":[0,0,5]},"_coverageSchema":"1a1c01bbd47fc00a2c39e90264f33305004495a9","hash":"f2d2ae76fb9e2c6f67bb3548e86885667021ec10"}
,"/Users/mac/Desktop/nyt/testAssaignment/redux/store/store.js": {"path":"/Users/mac/Desktop/nyt/testAssaignment/redux/store/store.js","statementMap":{"0":{"start":{"line":14,"column":22},"end":{"line":18,"column":1}},"1":{"start":{"line":19,"column":25},"end":{"line":19,"column":67}},"2":{"start":{"line":20,"column":21},"end":{"line":20,"column":23}},"3":{"start":{"line":21,"column":19},"end":{"line":21,"column":26}},"4":{"start":{"line":22,"column":21},"end":{"line":22,"column":74}},"5":{"start":{"line":23,"column":25},"end":{"line":23,"column":44}}},"fnMap":{},"branchMap":{},"s":{"0":1,"1":1,"2":1,"3":1,"4":1,"5":1},"f":{},"b":{},"_coverageSchema":"1a1c01bbd47fc00a2c39e90264f33305004495a9","hash":"8269f15943fa24e95a4eae3ae58364b1dcfb9eb9"}
,"/Users/mac/Desktop/nyt/testAssaignment/screens/Articles.js": {"path":"/Users/mac/Desktop/nyt/testAssaignment/screens/Articles.js","statementMap":{"0":{"start":{"line":27,"column":4},"end":{"line":27,"column":16}},"1":{"start":{"line":28,"column":2},"end":{"line":28,"column":19}},"2":{"start":{"line":34,"column":6},"end":{"line":34,"column":38}},"3":{"start":{"line":35,"column":2},"end":{"line":38,"column":9}},"4":{"start":{"line":36,"column":4},"end":{"line":36,"column":21}},"5":{"start":{"line":37,"column":4},"end":{"line":37,"column":70}},"6":{"start":{"line":39,"column":2},"end":{"line":43,"column":23}},"7":{"start":{"line":40,"column":4},"end":{"line":40,"column":43}},"8":{"start":{"line":40,"column":15},"end":{"line":40,"column":43}},"9":{"start":{"line":41,"column":4},"end":{"line":42,"column":5}},"10":{"start":{"line":45,"column":24},"end":{"line":51,"column":3}},"11":{"start":{"line":46,"column":4},"end":{"line":50,"column":6}},"12":{"start":{"line":52,"column":22},"end":{"line":79,"column":3}},"13":{"start":{"line":53,"column":4},"end":{"line":78,"column":6}},"14":{"start":{"line":70,"column":25},"end":{"line":70,"column":45}},"15":{"start":{"line":80,"column":2},"end":{"line":105,"column":4}},"16":{"start":{"line":92,"column":34},"end":{"line":92,"column":49}},"17":{"start":{"line":108,"column":15},"end":{"line":135,"column":2}}},"fnMap":{"0":{"name":"Article","decl":{"start":{"line":25,"column":24},"end":{"line":25,"column":31}},"loc":{"start":{"line":25,"column":53},"end":{"line":106,"column":1}},"line":25},"1":{"name":"(anonymous_1)","decl":{"start":{"line":35,"column":12},"end":{"line":35,"column":13}},"loc":{"start":{"line":35,"column":18},"end":{"line":38,"column":3}},"line":35},"2":{"name":"(anonymous_2)","decl":{"start":{"line":39,"column":12},"end":{"line":39,"column":13}},"loc":{"start":{"line":39,"column":18},"end":{"line":43,"column":3}},"line":39},"3":{"name":"(anonymous_3)","decl":{"start":{"line":45,"column":24},"end":{"line":45,"column":25}},"loc":{"start":{"line":46,"column":4},"end":{"line":50,"column":6}},"line":46},"4":{"name":"(anonymous_4)","decl":{"start":{"line":52,"column":22},"end":{"line":52,"column":23}},"loc":{"start":{"line":52,"column":28},"end":{"line":79,"column":3}},"line":52},"5":{"name":"(anonymous_5)","decl":{"start":{"line":70,"column":19},"end":{"line":70,"column":20}},"loc":{"start":{"line":70,"column":25},"end":{"line":70,"column":45}},"line":70},"6":{"name":"(anonymous_6)","decl":{"start":{"line":92,"column":26},"end":{"line":92,"column":27}},"loc":{"start":{"line":92,"column":34},"end":{"line":92,"column":49}},"line":92}},"branchMap":{"0":{"loc":{"start":{"line":40,"column":4},"end":{"line":40,"column":43}},"type":"if","locations":[{"start":{"line":40,"column":4},"end":{"line":40,"column":43}},{"start":{},"end":{}}],"line":40},"1":{"loc":{"start":{"line":41,"column":4},"end":{"line":42,"column":5}},"type":"if","locations":[{"start":{"line":41,"column":4},"end":{"line":42,"column":5}},{"start":{},"end":{}}],"line":41},"2":{"loc":{"start":{"line":85,"column":9},"end":{"line":102,"column":9}},"type":"cond-expr","locations":[{"start":{"line":86,"column":10},"end":{"line":86,"column":65}},{"start":{"line":88,"column":10},"end":{"line":101,"column":12}}],"line":85},"3":{"loc":{"start":{"line":97,"column":22},"end":{"line":97,"column":74}},"type":"binary-expr","locations":[{"start":{"line":97,"column":22},"end":{"line":97,"column":40}},{"start":{"line":97,"column":44},"end":{"line":97,"column":74}}],"line":97}},"s":{"0":0,"1":0,"2":0,"3":0,"4":0,"5":0,"6":0,"7":0,"8":0,"9":0,"10":0,"11":0,"12":0,"13":0,"14":0,"15":0,"16":0,"17":1},"f":{"0":0,"1":0,"2":0,"3":0,"4":0,"5":0,"6":0},"b":{"0":[0,0],"1":[0,0],"2":[0,0],"3":[0,0]},"_coverageSchema":"1a1c01bbd47fc00a2c39e90264f33305004495a9","hash":"ee2bd3eedb4dc845c60e2aba1ebd6e51025f6e66"}
,"/Users/mac/Desktop/nyt/testAssaignment/screens/Home.js": {"path":"/Users/mac/Desktop/nyt/testAssaignment/screens/Home.js","statementMap":{"0":{"start":{"line":21,"column":19},"end":{"line":21,"column":32}},"1":{"start":{"line":22,"column":30},"end":{"line":22,"column":45}},"2":{"start":{"line":24,"column":2},"end":{"line":37,"column":15}},"3":{"start":{"line":25,"column":4},"end":{"line":36,"column":5}},"4":{"start":{"line":26,"column":6},"end":{"line":26,"column":26}},"5":{"start":{"line":27,"column":6},"end":{"line":35,"column":9}},"6":{"start":{"line":39,"column":2},"end":{"line":80,"column":4}},"7":{"start":{"line":57,"column":25},"end":{"line":57,"column":76}},"8":{"start":{"line":68,"column":25},"end":{"line":68,"column":78}},"9":{"start":{"line":76,"column":52},"end":{"line":76,"column":67}},"10":{"start":{"line":83,"column":15},"end":{"line":102,"column":2}}},"fnMap":{"0":{"name":"Home","decl":{"start":{"line":20,"column":24},"end":{"line":20,"column":28}},"loc":{"start":{"line":20,"column":43},"end":{"line":81,"column":1}},"line":20},"1":{"name":"(anonymous_1)","decl":{"start":{"line":24,"column":12},"end":{"line":24,"column":13}},"loc":{"start":{"line":24,"column":18},"end":{"line":37,"column":3}},"line":24},"2":{"name":"(anonymous_2)","decl":{"start":{"line":57,"column":19},"end":{"line":57,"column":20}},"loc":{"start":{"line":57,"column":25},"end":{"line":57,"column":76}},"line":57},"3":{"name":"(anonymous_3)","decl":{"start":{"line":68,"column":19},"end":{"line":68,"column":20}},"loc":{"start":{"line":68,"column":25},"end":{"line":68,"column":78}},"line":68},"4":{"name":"(anonymous_4)","decl":{"start":{"line":76,"column":46},"end":{"line":76,"column":47}},"loc":{"start":{"line":76,"column":52},"end":{"line":76,"column":67}},"line":76}},"branchMap":{"0":{"loc":{"start":{"line":25,"column":4},"end":{"line":36,"column":5}},"type":"if","locations":[{"start":{"line":25,"column":4},"end":{"line":36,"column":5}},{"start":{},"end":{}}],"line":25},"1":{"loc":{"start":{"line":46,"column":18},"end":{"line":46,"column":61}},"type":"cond-expr","locations":[{"start":{"line":46,"column":41},"end":{"line":46,"column":50}},{"start":{"line":46,"column":53},"end":{"line":46,"column":61}}],"line":46}},"s":{"0":0,"1":0,"2":0,"3":0,"4":0,"5":0,"6":0,"7":0,"8":0,"9":0,"10":1},"f":{"0":0,"1":0,"2":0,"3":0,"4":0},"b":{"0":[0,0],"1":[0,0]},"_coverageSchema":"1a1c01bbd47fc00a2c39e90264f33305004495a9","hash":"03bdd0cd34568f0f4231ce6907de2ee586a35a44"}
,"/Users/mac/Desktop/nyt/testAssaignment/screens/LogIn.js": {"path":"/Users/mac/Desktop/nyt/testAssaignment/screens/LogIn.js","statementMap":{"0":{"start":{"line":23,"column":34},"end":{"line":23,"column":46}},"1":{"start":{"line":24,"column":34},"end":{"line":24,"column":46}},"2":{"start":{"line":25,"column":19},"end":{"line":25,"column":32}},"3":{"start":{"line":33,"column":6},"end":{"line":36,"column":4}},"4":{"start":{"line":37,"column":2},"end":{"line":61,"column":16}},"5":{"start":{"line":38,"column":4},"end":{"line":40,"column":5}},"6":{"start":{"line":39,"column":6},"end":{"line":39,"column":13}},"7":{"start":{"line":41,"column":4},"end":{"line":60,"column":5}},"8":{"start":{"line":42,"column":6},"end":{"line":49,"column":8}},"9":{"start":{"line":50,"column":6},"end":{"line":50,"column":25}},"10":{"start":{"line":51,"column":6},"end":{"line":59,"column":9}},"11":{"start":{"line":63,"column":2},"end":{"line":119,"column":4}},"12":{"start":{"line":82,"column":34},"end":{"line":82,"column":51}},"13":{"start":{"line":92,"column":34},"end":{"line":92,"column":51}},"14":{"start":{"line":102,"column":14},"end":{"line":105,"column":16}},"15":{"start":{"line":113,"column":27},"end":{"line":113,"column":56}},"16":{"start":{"line":122,"column":15},"end":{"line":150,"column":2}}},"fnMap":{"0":{"name":"LogIn","decl":{"start":{"line":22,"column":24},"end":{"line":22,"column":29}},"loc":{"start":{"line":22,"column":44},"end":{"line":120,"column":1}},"line":22},"1":{"name":"(anonymous_1)","decl":{"start":{"line":37,"column":12},"end":{"line":37,"column":13}},"loc":{"start":{"line":37,"column":18},"end":{"line":61,"column":3}},"line":37},"2":{"name":"(anonymous_2)","decl":{"start":{"line":82,"column":26},"end":{"line":82,"column":27}},"loc":{"start":{"line":82,"column":34},"end":{"line":82,"column":51}},"line":82},"3":{"name":"(anonymous_3)","decl":{"start":{"line":92,"column":26},"end":{"line":92,"column":27}},"loc":{"start":{"line":92,"column":34},"end":{"line":92,"column":51}},"line":92},"4":{"name":"(anonymous_4)","decl":{"start":{"line":101,"column":21},"end":{"line":101,"column":22}},"loc":{"start":{"line":102,"column":14},"end":{"line":105,"column":16}},"line":102},"5":{"name":"(anonymous_5)","decl":{"start":{"line":113,"column":21},"end":{"line":113,"column":22}},"loc":{"start":{"line":113,"column":27},"end":{"line":113,"column":56}},"line":113}},"branchMap":{"0":{"loc":{"start":{"line":38,"column":4},"end":{"line":40,"column":5}},"type":"if","locations":[{"start":{"line":38,"column":4},"end":{"line":40,"column":5}},{"start":{},"end":{}}],"line":38},"1":{"loc":{"start":{"line":41,"column":4},"end":{"line":60,"column":5}},"type":"if","locations":[{"start":{"line":41,"column":4},"end":{"line":60,"column":5}},{"start":{},"end":{}}],"line":41},"2":{"loc":{"start":{"line":41,"column":8},"end":{"line":41,"column":26}},"type":"binary-expr","locations":[{"start":{"line":41,"column":8},"end":{"line":41,"column":16}},{"start":{"line":41,"column":20},"end":{"line":41,"column":26}}],"line":41}},"s":{"0":0,"1":0,"2":0,"3":0,"4":0,"5":0,"6":0,"7":0,"8":0,"9":0,"10":0,"11":0,"12":0,"13":0,"14":0,"15":0,"16":1},"f":{"0":0,"1":0,"2":0,"3":0,"4":0,"5":0},"b":{"0":[0,0],"1":[0,0],"2":[0,0]},"_coverageSchema":"1a1c01bbd47fc00a2c39e90264f33305004495a9","hash":"6e39acbf03e1cdd4056cc0f3ff0405464f5979db"}
,"/Users/mac/Desktop/nyt/testAssaignment/screens/Router.js": {"path":"/Users/mac/Desktop/nyt/testAssaignment/screens/Router.js","statementMap":{"0":{"start":{"line":14,"column":19},"end":{"line":14,"column":32}},"1":{"start":{"line":15,"column":25},"end":{"line":17,"column":3}},"2":{"start":{"line":16,"column":13},"end":{"line":16,"column":51}},"3":{"start":{"line":18,"column":36},"end":{"line":18,"column":50}},"4":{"start":{"line":19,"column":40},"end":{"line":19,"column":52}},"5":{"start":{"line":20,"column":31},"end":{"line":30,"column":3}},"6":{"start":{"line":22,"column":4},"end":{"line":26,"column":5}},"7":{"start":{"line":23,"column":6},"end":{"line":23,"column":53}},"8":{"start":{"line":24,"column":6},"end":{"line":24,"column":56}},"9":{"start":{"line":25,"column":6},"end":{"line":25,"column":13}},"10":{"start":{"line":28,"column":4},"end":{"line":28,"column":24}},"11":{"start":{"line":29,"column":4},"end":{"line":29,"column":55}},"12":{"start":{"line":31,"column":2},"end":{"line":36,"column":21}},"13":{"start":{"line":32,"column":4},"end":{"line":35,"column":5}},"14":{"start":{"line":33,"column":6},"end":{"line":33,"column":27}},"15":{"start":{"line":34,"column":6},"end":{"line":34,"column":29}},"16":{"start":{"line":38,"column":2},"end":{"line":42,"column":4}},"17":{"start":{"line":45,"column":15},"end":{"line":53,"column":2}}},"fnMap":{"0":{"name":"Router","decl":{"start":{"line":13,"column":24},"end":{"line":13,"column":30}},"loc":{"start":{"line":13,"column":45},"end":{"line":43,"column":1}},"line":13},"1":{"name":"(anonymous_1)","decl":{"start":{"line":16,"column":4},"end":{"line":16,"column":5}},"loc":{"start":{"line":16,"column":13},"end":{"line":16,"column":51}},"line":16},"2":{"name":"(anonymous_2)","decl":{"start":{"line":20,"column":31},"end":{"line":20,"column":32}},"loc":{"start":{"line":20,"column":37},"end":{"line":30,"column":3}},"line":20},"3":{"name":"(anonymous_3)","decl":{"start":{"line":31,"column":12},"end":{"line":31,"column":13}},"loc":{"start":{"line":31,"column":18},"end":{"line":36,"column":3}},"line":31}},"branchMap":{"0":{"loc":{"start":{"line":22,"column":4},"end":{"line":26,"column":5}},"type":"if","locations":[{"start":{"line":22,"column":4},"end":{"line":26,"column":5}},{"start":{},"end":{}}],"line":22},"1":{"loc":{"start":{"line":32,"column":4},"end":{"line":35,"column":5}},"type":"if","locations":[{"start":{"line":32,"column":4},"end":{"line":35,"column":5}},{"start":{},"end":{}}],"line":32}},"s":{"0":0,"1":0,"2":0,"3":0,"4":0,"5":0,"6":0,"7":0,"8":0,"9":0,"10":0,"11":0,"12":0,"13":0,"14":0,"15":0,"16":0,"17":1},"f":{"0":0,"1":0,"2":0,"3":0},"b":{"0":[0,0],"1":[0,0]},"_coverageSchema":"1a1c01bbd47fc00a2c39e90264f33305004495a9","hash":"c12cb2eda2eaa413b0f1c3abb2cb26243a833f13"}
,"/Users/mac/Desktop/nyt/testAssaignment/screens/Search.js": {"path":"/Users/mac/Desktop/nyt/testAssaignment/screens/Search.js","statementMap":{"0":{"start":{"line":19,"column":18},"end":{"line":19,"column":30}},"1":{"start":{"line":20,"column":32},"end":{"line":20,"column":46}},"2":{"start":{"line":21,"column":30},"end":{"line":21,"column":42}},"3":{"start":{"line":22,"column":26},"end":{"line":22,"column":37}},"4":{"start":{"line":28,"column":6},"end":{"line":28,"column":49}},"5":{"start":{"line":29,"column":2},"end":{"line":35,"column":16}},"6":{"start":{"line":30,"column":4},"end":{"line":33,"column":5}},"7":{"start":{"line":31,"column":6},"end":{"line":31,"column":34}},"8":{"start":{"line":32,"column":6},"end":{"line":32,"column":24}},"9":{"start":{"line":34,"column":4},"end":{"line":34,"column":22}},"10":{"start":{"line":36,"column":2},"end":{"line":41,"column":23}},"11":{"start":{"line":37,"column":4},"end":{"line":37,"column":43}},"12":{"start":{"line":37,"column":15},"end":{"line":37,"column":43}},"13":{"start":{"line":38,"column":4},"end":{"line":40,"column":5}},"14":{"start":{"line":39,"column":6},"end":{"line":39,"column":54}},"15":{"start":{"line":44,"column":23},"end":{"line":54,"column":3}},"16":{"start":{"line":45,"column":4},"end":{"line":53,"column":6}},"17":{"start":{"line":55,"column":2},"end":{"line":78,"column":4}},"18":{"start":{"line":67,"column":34},"end":{"line":67,"column":46}},"19":{"start":{"line":68,"column":32},"end":{"line":68,"column":48}},"20":{"start":{"line":81,"column":15},"end":{"line":92,"column":2}}},"fnMap":{"0":{"name":"Search","decl":{"start":{"line":18,"column":24},"end":{"line":18,"column":30}},"loc":{"start":{"line":18,"column":52},"end":{"line":79,"column":1}},"line":18},"1":{"name":"(anonymous_1)","decl":{"start":{"line":29,"column":12},"end":{"line":29,"column":13}},"loc":{"start":{"line":29,"column":18},"end":{"line":35,"column":3}},"line":29},"2":{"name":"(anonymous_2)","decl":{"start":{"line":36,"column":12},"end":{"line":36,"column":13}},"loc":{"start":{"line":36,"column":18},"end":{"line":41,"column":3}},"line":36},"3":{"name":"(anonymous_3)","decl":{"start":{"line":44,"column":23},"end":{"line":44,"column":24}},"loc":{"start":{"line":45,"column":4},"end":{"line":53,"column":6}},"line":45},"4":{"name":"(anonymous_4)","decl":{"start":{"line":67,"column":26},"end":{"line":67,"column":27}},"loc":{"start":{"line":67,"column":34},"end":{"line":67,"column":46}},"line":67},"5":{"name":"(anonymous_5)","decl":{"start":{"line":68,"column":26},"end":{"line":68,"column":27}},"loc":{"start":{"line":68,"column":32},"end":{"line":68,"column":48}},"line":68}},"branchMap":{"0":{"loc":{"start":{"line":30,"column":4},"end":{"line":33,"column":5}},"type":"if","locations":[{"start":{"line":30,"column":4},"end":{"line":33,"column":5}},{"start":{},"end":{}}],"line":30},"1":{"loc":{"start":{"line":37,"column":4},"end":{"line":37,"column":43}},"type":"if","locations":[{"start":{"line":37,"column":4},"end":{"line":37,"column":43}},{"start":{},"end":{}}],"line":37},"2":{"loc":{"start":{"line":38,"column":4},"end":{"line":40,"column":5}},"type":"if","locations":[{"start":{"line":38,"column":4},"end":{"line":40,"column":5}},{"start":{},"end":{}}],"line":38},"3":{"loc":{"start":{"line":38,"column":8},"end":{"line":38,"column":26}},"type":"binary-expr","locations":[{"start":{"line":38,"column":8},"end":{"line":38,"column":16}},{"start":{"line":38,"column":20},"end":{"line":38,"column":26}}],"line":38},"4":{"loc":{"start":{"line":62,"column":9},"end":{"line":75,"column":9}},"type":"binary-expr","locations":[{"start":{"line":62,"column":10},"end":{"line":62,"column":18}},{"start":{"line":62,"column":22},"end":{"line":62,"column":30}},{"start":{"line":63,"column":10},"end":{"line":74,"column":12}}],"line":62},"5":{"loc":{"start":{"line":72,"column":14},"end":{"line":72,"column":80}},"type":"binary-expr","locations":[{"start":{"line":72,"column":14},"end":{"line":72,"column":21}},{"start":{"line":72,"column":25},"end":{"line":72,"column":80}}],"line":72}},"s":{"0":0,"1":0,"2":0,"3":0,"4":0,"5":0,"6":0,"7":0,"8":0,"9":0,"10":0,"11":0,"12":0,"13":0,"14":0,"15":0,"16":0,"17":0,"18":0,"19":0,"20":1},"f":{"0":0,"1":0,"2":0,"3":0,"4":0,"5":0},"b":{"0":[0,0],"1":[0,0],"2":[0,0],"3":[0,0],"4":[0,0,0],"5":[0,0]},"_coverageSchema":"1a1c01bbd47fc00a2c39e90264f33305004495a9","hash":"6496fa9b19830a5af6e40e4d33422e1783cfa7ca"}
,"/Users/mac/Desktop/nyt/testAssaignment/screens/SignUp.js": {"path":"/Users/mac/Desktop/nyt/testAssaignment/screens/SignUp.js","statementMap":{"0":{"start":{"line":24,"column":34},"end":{"line":24,"column":46}},"1":{"start":{"line":25,"column":34},"end":{"line":25,"column":46}},"2":{"start":{"line":26,"column":30},"end":{"line":26,"column":45}},"3":{"start":{"line":27,"column":26},"end":{"line":27,"column":38}},"4":{"start":{"line":28,"column":19},"end":{"line":28,"column":32}},"5":{"start":{"line":35,"column":6},"end":{"line":38,"column":4}},"6":{"start":{"line":39,"column":2},"end":{"line":63,"column":23}},"7":{"start":{"line":40,"column":4},"end":{"line":42,"column":5}},"8":{"start":{"line":41,"column":6},"end":{"line":41,"column":13}},"9":{"start":{"line":43,"column":4},"end":{"line":62,"column":5}},"10":{"start":{"line":44,"column":6},"end":{"line":51,"column":8}},"11":{"start":{"line":52,"column":6},"end":{"line":52,"column":25}},"12":{"start":{"line":53,"column":6},"end":{"line":61,"column":9}},"13":{"start":{"line":64,"column":2},"end":{"line":113,"column":4}},"14":{"start":{"line":83,"column":34},"end":{"line":83,"column":51}},"15":{"start":{"line":93,"column":34},"end":{"line":93,"column":51}},"16":{"start":{"line":103,"column":14},"end":{"line":106,"column":16}},"17":{"start":{"line":116,"column":15},"end":{"line":144,"column":2}}},"fnMap":{"0":{"name":"SignUp","decl":{"start":{"line":23,"column":24},"end":{"line":23,"column":30}},"loc":{"start":{"line":23,"column":45},"end":{"line":114,"column":1}},"line":23},"1":{"name":"(anonymous_1)","decl":{"start":{"line":39,"column":12},"end":{"line":39,"column":13}},"loc":{"start":{"line":39,"column":18},"end":{"line":63,"column":3}},"line":39},"2":{"name":"(anonymous_2)","decl":{"start":{"line":83,"column":26},"end":{"line":83,"column":27}},"loc":{"start":{"line":83,"column":34},"end":{"line":83,"column":51}},"line":83},"3":{"name":"(anonymous_3)","decl":{"start":{"line":93,"column":26},"end":{"line":93,"column":27}},"loc":{"start":{"line":93,"column":34},"end":{"line":93,"column":51}},"line":93},"4":{"name":"(anonymous_4)","decl":{"start":{"line":102,"column":21},"end":{"line":102,"column":22}},"loc":{"start":{"line":103,"column":14},"end":{"line":106,"column":16}},"line":103}},"branchMap":{"0":{"loc":{"start":{"line":40,"column":4},"end":{"line":42,"column":5}},"type":"if","locations":[{"start":{"line":40,"column":4},"end":{"line":42,"column":5}},{"start":{},"end":{}}],"line":40},"1":{"loc":{"start":{"line":43,"column":4},"end":{"line":62,"column":5}},"type":"if","locations":[{"start":{"line":43,"column":4},"end":{"line":62,"column":5}},{"start":{},"end":{}}],"line":43}},"s":{"0":0,"1":0,"2":0,"3":0,"4":0,"5":0,"6":0,"7":0,"8":0,"9":0,"10":0,"11":0,"12":0,"13":0,"14":0,"15":0,"16":0,"17":1},"f":{"0":0,"1":0,"2":0,"3":0,"4":0},"b":{"0":[0,0],"1":[0,0]},"_coverageSchema":"1a1c01bbd47fc00a2c39e90264f33305004495a9","hash":"ce88079cc8ff812d09cf6be0922472e689dcba52"}
,"/Users/mac/Desktop/nyt/testAssaignment/screens/TopNews.js": {"path":"/Users/mac/Desktop/nyt/testAssaignment/screens/TopNews.js","statementMap":{"0":{"start":{"line":18,"column":21},"end":{"line":18,"column":33}},"1":{"start":{"line":24,"column":6},"end":{"line":24,"column":43}},"2":{"start":{"line":25,"column":2},"end":{"line":27,"column":9}},"3":{"start":{"line":26,"column":4},"end":{"line":26,"column":26}},"4":{"start":{"line":28,"column":2},"end":{"line":32,"column":23}},"5":{"start":{"line":29,"column":4},"end":{"line":29,"column":43}},"6":{"start":{"line":29,"column":15},"end":{"line":29,"column":43}},"7":{"start":{"line":30,"column":4},"end":{"line":31,"column":5}},"8":{"start":{"line":34,"column":20},"end":{"line":45,"column":3}},"9":{"start":{"line":35,"column":4},"end":{"line":44,"column":6}},"10":{"start":{"line":47,"column":2},"end":{"line":75,"column":4}},"11":{"start":{"line":67,"column":19},"end":{"line":67,"column":57}},"12":{"start":{"line":70,"column":34},"end":{"line":70,"column":42}},"13":{"start":{"line":78,"column":15},"end":{"line":89,"column":2}}},"fnMap":{"0":{"name":"TopNews","decl":{"start":{"line":17,"column":24},"end":{"line":17,"column":31}},"loc":{"start":{"line":17,"column":53},"end":{"line":76,"column":1}},"line":17},"1":{"name":"(anonymous_1)","decl":{"start":{"line":25,"column":12},"end":{"line":25,"column":13}},"loc":{"start":{"line":25,"column":18},"end":{"line":27,"column":3}},"line":25},"2":{"name":"(anonymous_2)","decl":{"start":{"line":28,"column":12},"end":{"line":28,"column":13}},"loc":{"start":{"line":28,"column":18},"end":{"line":32,"column":3}},"line":28},"3":{"name":"(anonymous_3)","decl":{"start":{"line":34,"column":20},"end":{"line":34,"column":21}},"loc":{"start":{"line":35,"column":4},"end":{"line":44,"column":6}},"line":35},"4":{"name":"(anonymous_4)","decl":{"start":{"line":67,"column":14},"end":{"line":67,"column":15}},"loc":{"start":{"line":67,"column":19},"end":{"line":67,"column":57}},"line":67},"5":{"name":"(anonymous_5)","decl":{"start":{"line":70,"column":26},"end":{"line":70,"column":27}},"loc":{"start":{"line":70,"column":34},"end":{"line":70,"column":42}},"line":70}},"branchMap":{"0":{"loc":{"start":{"line":29,"column":4},"end":{"line":29,"column":43}},"type":"if","locations":[{"start":{"line":29,"column":4},"end":{"line":29,"column":43}},{"start":{},"end":{}}],"line":29},"1":{"loc":{"start":{"line":30,"column":4},"end":{"line":31,"column":5}},"type":"if","locations":[{"start":{"line":30,"column":4},"end":{"line":31,"column":5}},{"start":{},"end":{}}],"line":30},"2":{"loc":{"start":{"line":61,"column":9},"end":{"line":72,"column":9}},"type":"cond-expr","locations":[{"start":{"line":62,"column":10},"end":{"line":62,"column":65}},{"start":{"line":64,"column":10},"end":{"line":71,"column":12}}],"line":61},"3":{"loc":{"start":{"line":67,"column":19},"end":{"line":67,"column":57}},"type":"binary-expr","locations":[{"start":{"line":67,"column":19},"end":{"line":67,"column":32}},{"start":{"line":67,"column":36},"end":{"line":67,"column":57}}],"line":67}},"s":{"0":0,"1":0,"2":0,"3":0,"4":0,"5":0,"6":0,"7":0,"8":0,"9":0,"10":0,"11":0,"12":0,"13":1},"f":{"0":0,"1":0,"2":0,"3":0,"4":0,"5":0},"b":{"0":[0,0],"1":[0,0],"2":[0,0],"3":[0,0]},"_coverageSchema":"1a1c01bbd47fc00a2c39e90264f33305004495a9","hash":"5f7e7244c20bdff0da97b49612c7edbc57f7cd55"}
}
