TN:
SF:App.js
FN:21,(anonymous_0)
FN:34,StackNavigator
FNF:2
FNH:1
FNDA:4,(anonymous_0)
FNDA:0,StackNavigator
DA:20,1
DA:21,1
DA:22,4
DA:35,0
DA:47,0
DA:130,1
LF:6
LH:4
BRF:0
BRH:0
end_of_record
TN:
SF:API/ApiCall.js
FN:3,(anonymous_0)
FN:9,(anonymous_1)
FN:11,(anonymous_2)
FN:14,(anonymous_3)
FN:16,(anonymous_4)
FNF:5
FNH:0
FNDA:0,(anonymous_0)
FNDA:0,(anonymous_1)
FNDA:0,(anonymous_2)
FNDA:0,(anonymous_3)
FNDA:0,(anonymous_4)
DA:3,1
DA:4,0
DA:9,1
DA:10,0
DA:11,1
DA:12,0
DA:14,1
DA:15,0
DA:16,1
DA:17,0
LF:10
LH:5
BRF:0
BRH:0
end_of_record
TN:
SF:API/Client.js
FN:18,(anonymous_0)
FN:24,(anonymous_1)
FN:28,(anonymous_2)
FN:37,(anonymous_3)
FN:40,(anonymous_4)
FN:54,(anonymous_5)
FN:58,(anonymous_6)
FN:64,(anonymous_7)
FN:67,(anonymous_8)
FNF:9
FNH:0
FNDA:0,(anonymous_0)
FNDA:0,(anonymous_1)
FNDA:0,(anonymous_2)
FNDA:0,(anonymous_3)
FNDA:0,(anonymous_4)
FNDA:0,(anonymous_5)
FNDA:0,(anonymous_6)
FNDA:0,(anonymous_7)
FNDA:0,(anonymous_8)
DA:6,1
DA:9,1
DA:13,1
DA:17,1
DA:19,0
DA:22,0
DA:25,0
DA:28,1
DA:29,0
DA:36,1
DA:38,0
DA:41,0
DA:42,0
DA:43,0
DA:44,0
DA:45,0
DA:47,0
DA:53,1
DA:55,0
DA:56,0
DA:59,0
DA:63,1
DA:65,0
DA:68,0
DA:69,0
LF:25
LH:8
BRDA:42,0,0,0
BRDA:42,0,1,0
BRDA:42,1,0,0
BRDA:42,1,1,0
BRDA:68,2,0,0
BRDA:68,2,1,0
BRF:6
BRH:0
end_of_record
TN:
SF:__moks__/ImageMock.js
FNF:0
FNH:0
LF:0
LH:0
BRF:0
BRH:0
end_of_record
TN:
SF:components/comment.js
FN:16,toDateTime
FN:21,(anonymous_1)
FNF:2
FNH:0
FNDA:0,toDateTime
FNDA:0,(anonymous_1)
DA:17,0
DA:18,0
DA:19,0
DA:21,1
DA:22,0
DA:38,1
LF:6
LH:2
BRF:0
BRH:0
end_of_record
TN:
SF:components/searchBar.js
FN:19,(anonymous_0)
FN:23,(anonymous_1)
FN:26,(anonymous_2)
FN:27,(anonymous_3)
FN:30,(anonymous_4)
FN:35,(anonymous_5)
FN:42,(anonymous_6)
FN:56,(anonymous_7)
FN:57,(anonymous_8)
FN:62,(anonymous_9)
FN:73,(anonymous_10)
FN:75,(anonymous_11)
FN:80,(anonymous_12)
FN:88,(anonymous_13)
FNF:14
FNH:0
FNDA:0,(anonymous_0)
FNDA:0,(anonymous_1)
FNDA:0,(anonymous_2)
FNDA:0,(anonymous_3)
FNDA:0,(anonymous_4)
FNDA:0,(anonymous_5)
FNDA:0,(anonymous_6)
FNDA:0,(anonymous_7)
FNDA:0,(anonymous_8)
FNDA:0,(anonymous_9)
FNDA:0,(anonymous_10)
FNDA:0,(anonymous_11)
FNDA:0,(anonymous_12)
FNDA:0,(anonymous_13)
DA:19,1
DA:20,0
DA:21,0
DA:22,0
DA:23,0
DA:24,0
DA:26,0
DA:27,0
DA:28,0
DA:30,0
DA:31,0
DA:32,0
DA:35,0
DA:36,0
DA:37,0
DA:42,0
DA:43,0
DA:44,0
DA:45,0
DA:49,0
DA:56,0
DA:57,0
DA:62,0
DA:73,0
DA:76,0
DA:80,0
DA:88,0
DA:98,1
LF:28
LH:2
BRDA:43,0,0,0
BRDA:43,0,1,0
BRDA:44,1,0,0
BRDA:44,1,1,0
BRDA:45,2,0,0
BRDA:45,2,1,0
BRDA:69,3,0,0
BRDA:69,3,1,0
BRDA:73,4,0,0
BRDA:73,4,1,0
BRDA:86,5,0,0
BRDA:86,5,1,0
BRF:12
BRH:0
end_of_record
TN:
SF:components/search_Item.js
FN:18,toDateTime
FN:23,(anonymous_1)
FN:25,(anonymous_2)
FN:49,(anonymous_3)
FNF:4
FNH:0
FNDA:0,toDateTime
FNDA:0,(anonymous_1)
FNDA:0,(anonymous_2)
FNDA:0,(anonymous_3)
DA:19,0
DA:20,0
DA:21,0
DA:23,1
DA:25,1
DA:34,0
DA:49,0
DA:56,1
LF:8
LH:3
BRF:0
BRH:0
end_of_record
TN:
SF:components/textBase.js
FN:5,(anonymous_0)
FN:9,(anonymous_1)
FN:15,(anonymous_2)
FN:18,(anonymous_3)
FN:22,(anonymous_4)
FNF:5
FNH:0
FNDA:0,(anonymous_0)
FNDA:0,(anonymous_1)
FNDA:0,(anonymous_2)
FNDA:0,(anonymous_3)
FNDA:0,(anonymous_4)
DA:5,1
DA:6,0
DA:9,1
DA:10,0
DA:15,1
DA:16,0
DA:18,1
DA:19,0
DA:22,1
DA:23,0
DA:26,1
DA:28,1
LF:12
LH:7
BRDA:5,0,0,0
BRDA:18,1,0,0
BRDA:22,2,0,0
BRF:3
BRH:0
end_of_record
TN:
SF:components/top_news.js
FN:17,toDateTime
FN:22,(anonymous_1)
FN:47,(anonymous_2)
FNF:3
FNH:0
FNDA:0,toDateTime
FNDA:0,(anonymous_1)
FNDA:0,(anonymous_2)
DA:18,0
DA:19,0
DA:20,0
DA:22,1
DA:32,0
DA:48,0
DA:64,1
LF:7
LH:2
BRF:0
BRH:0
end_of_record
TN:
SF:constants/theme.js
FNF:0
FNH:0
DA:1,1
DA:19,1
DA:29,1
LF:3
LH:3
BRF:0
BRH:0
end_of_record
TN:
SF:hooks/ApiUsage.js
FN:5,useApi
FN:11,(anonymous_1)
FN:29,(anonymous_2)
FNF:3
FNH:0
FNDA:0,useApi
FNDA:0,(anonymous_1)
FNDA:0,(anonymous_2)
DA:6,0
DA:7,0
DA:8,0
DA:9,0
DA:11,0
DA:12,0
DA:13,0
DA:14,0
DA:15,0
DA:16,0
DA:17,0
DA:18,0
DA:19,0
DA:20,0
DA:22,0
DA:23,0
DA:24,0
DA:26,0
DA:29,1
DA:30,0
LF:20
LH:1
BRDA:5,0,0,0
BRDA:15,1,0,0
BRDA:15,1,1,0
BRDA:17,2,0,0
BRDA:17,2,1,0
BRF:5
BRH:0
end_of_record
TN:
SF:redux/actions/authenticationAction.js
FN:9,(anonymous_0)
FN:19,(anonymous_1)
FN:26,(anonymous_2)
FN:33,(anonymous_3)
FN:38,_refreshToken
FN:39,(anonymous_5)
FN:59,(anonymous_6)
FNF:7
FNH:0
FNDA:0,(anonymous_0)
FNDA:0,(anonymous_1)
FNDA:0,(anonymous_2)
FNDA:0,(anonymous_3)
FNDA:0,_refreshToken
FNDA:0,(anonymous_5)
FNDA:0,(anonymous_6)
DA:3,1
DA:4,1
DA:5,1
DA:6,1
DA:7,1
DA:9,1
DA:19,1
DA:26,1
DA:33,1
DA:39,0
DA:40,0
DA:41,0
DA:42,0
DA:43,0
DA:54,0
DA:59,1
DA:60,0
LF:17
LH:10
BRDA:42,0,0,0
BRDA:42,0,1,0
BRF:2
BRH:0
end_of_record
TN:
SF:redux/actions/searchAction.js
FN:7,(anonymous_0)
FN:15,(anonymous_1)
FNF:2
FNH:0
FNDA:0,(anonymous_0)
FNDA:0,(anonymous_1)
DA:1,1
DA:3,1
DA:5,1
DA:7,1
DA:15,1
LF:5
LH:5
BRF:0
BRH:0
end_of_record
TN:
SF:redux/reducers/authenticationReducer.js
FN:13,(anonymous_0)
FNF:1
FNH:1
FNDA:5,(anonymous_0)
DA:9,1
DA:13,1
DA:14,5
DA:16,0
DA:17,0
DA:26,0
DA:27,0
DA:36,0
DA:37,0
DA:43,0
DA:48,0
DA:54,5
LF:12
LH:4
BRDA:13,0,0,4
BRDA:14,1,0,0
BRDA:14,1,1,0
BRDA:14,1,2,0
BRDA:14,1,3,0
BRDA:14,1,4,0
BRDA:14,1,5,5
BRF:7
BRH:2
end_of_record
TN:
SF:redux/reducers/index.js
FNF:0
FNH:0
LF:0
LH:0
BRF:0
BRH:0
end_of_record
TN:
SF:redux/reducers/queryReducer.js
FN:7,(anonymous_0)
FNF:1
FNH:1
FNDA:5,(anonymous_0)
DA:3,1
DA:7,1
DA:8,5
DA:10,0
DA:11,0
DA:17,0
DA:23,5
LF:7
LH:4
BRDA:7,0,0,4
BRDA:8,1,0,0
BRDA:8,1,1,0
BRDA:8,1,2,5
BRF:4
BRH:2
end_of_record
TN:
SF:redux/store/store.js
FNF:0
FNH:0
DA:14,1
DA:19,1
DA:20,1
DA:21,1
DA:22,1
DA:23,1
LF:6
LH:6
BRF:0
BRH:0
end_of_record
TN:
SF:screens/Articles.js
FN:25,Article
FN:35,(anonymous_1)
FN:39,(anonymous_2)
FN:45,(anonymous_3)
FN:52,(anonymous_4)
FN:70,(anonymous_5)
FN:92,(anonymous_6)
FNF:7
FNH:0
FNDA:0,Article
FNDA:0,(anonymous_1)
FNDA:0,(anonymous_2)
FNDA:0,(anonymous_3)
FNDA:0,(anonymous_4)
FNDA:0,(anonymous_5)
FNDA:0,(anonymous_6)
DA:27,0
DA:28,0
DA:34,0
DA:35,0
DA:36,0
DA:37,0
DA:39,0
DA:40,0
DA:41,0
DA:45,0
DA:46,0
DA:52,0
DA:53,0
DA:70,0
DA:80,0
DA:92,0
DA:108,1
LF:17
LH:1
BRDA:40,0,0,0
BRDA:40,0,1,0
BRDA:41,1,0,0
BRDA:41,1,1,0
BRDA:85,2,0,0
BRDA:85,2,1,0
BRDA:97,3,0,0
BRDA:97,3,1,0
BRF:8
BRH:0
end_of_record
TN:
SF:screens/Home.js
FN:20,Home
FN:24,(anonymous_1)
FN:57,(anonymous_2)
FN:68,(anonymous_3)
FN:76,(anonymous_4)
FNF:5
FNH:0
FNDA:0,Home
FNDA:0,(anonymous_1)
FNDA:0,(anonymous_2)
FNDA:0,(anonymous_3)
FNDA:0,(anonymous_4)
DA:21,0
DA:22,0
DA:24,0
DA:25,0
DA:26,0
DA:27,0
DA:39,0
DA:57,0
DA:68,0
DA:76,0
DA:83,1
LF:11
LH:1
BRDA:25,0,0,0
BRDA:25,0,1,0
BRDA:46,1,0,0
BRDA:46,1,1,0
BRF:4
BRH:0
end_of_record
TN:
SF:screens/LogIn.js
FN:22,LogIn
FN:37,(anonymous_1)
FN:82,(anonymous_2)
FN:92,(anonymous_3)
FN:101,(anonymous_4)
FN:113,(anonymous_5)
FNF:6
FNH:0
FNDA:0,LogIn
FNDA:0,(anonymous_1)
FNDA:0,(anonymous_2)
FNDA:0,(anonymous_3)
FNDA:0,(anonymous_4)
FNDA:0,(anonymous_5)
DA:23,0
DA:24,0
DA:25,0
DA:33,0
DA:37,0
DA:38,0
DA:39,0
DA:41,0
DA:42,0
DA:50,0
DA:51,0
DA:63,0
DA:82,0
DA:92,0
DA:102,0
DA:113,0
DA:122,1
LF:17
LH:1
BRDA:38,0,0,0
BRDA:38,0,1,0
BRDA:41,1,0,0
BRDA:41,1,1,0
BRDA:41,2,0,0
BRDA:41,2,1,0
BRF:6
BRH:0
end_of_record
TN:
SF:screens/Router.js
FN:13,Router
FN:16,(anonymous_1)
FN:20,(anonymous_2)
FN:31,(anonymous_3)
FNF:4
FNH:0
FNDA:0,Router
FNDA:0,(anonymous_1)
FNDA:0,(anonymous_2)
FNDA:0,(anonymous_3)
DA:14,0
DA:15,0
DA:16,0
DA:18,0
DA:19,0
DA:20,0
DA:22,0
DA:23,0
DA:24,0
DA:25,0
DA:28,0
DA:29,0
DA:31,0
DA:32,0
DA:33,0
DA:34,0
DA:38,0
DA:45,1
LF:18
LH:1
BRDA:22,0,0,0
BRDA:22,0,1,0
BRDA:32,1,0,0
BRDA:32,1,1,0
BRF:4
BRH:0
end_of_record
TN:
SF:screens/Search.js
FN:18,Search
FN:29,(anonymous_1)
FN:36,(anonymous_2)
FN:44,(anonymous_3)
FN:67,(anonymous_4)
FN:68,(anonymous_5)
FNF:6
FNH:0
FNDA:0,Search
FNDA:0,(anonymous_1)
FNDA:0,(anonymous_2)
FNDA:0,(anonymous_3)
FNDA:0,(anonymous_4)
FNDA:0,(anonymous_5)
DA:19,0
DA:20,0
DA:21,0
DA:22,0
DA:28,0
DA:29,0
DA:30,0
DA:31,0
DA:32,0
DA:34,0
DA:36,0
DA:37,0
DA:38,0
DA:39,0
DA:44,0
DA:45,0
DA:55,0
DA:67,0
DA:68,0
DA:81,1
LF:20
LH:1
BRDA:30,0,0,0
BRDA:30,0,1,0
BRDA:37,1,0,0
BRDA:37,1,1,0
BRDA:38,2,0,0
BRDA:38,2,1,0
BRDA:38,3,0,0
BRDA:38,3,1,0
BRDA:62,4,0,0
BRDA:62,4,1,0
BRDA:62,4,2,0
BRDA:72,5,0,0
BRDA:72,5,1,0
BRF:13
BRH:0
end_of_record
TN:
SF:screens/SignUp.js
FN:23,SignUp
FN:39,(anonymous_1)
FN:83,(anonymous_2)
FN:93,(anonymous_3)
FN:102,(anonymous_4)
FNF:5
FNH:0
FNDA:0,SignUp
FNDA:0,(anonymous_1)
FNDA:0,(anonymous_2)
FNDA:0,(anonymous_3)
FNDA:0,(anonymous_4)
DA:24,0
DA:25,0
DA:26,0
DA:27,0
DA:28,0
DA:35,0
DA:39,0
DA:40,0
DA:41,0
DA:43,0
DA:44,0
DA:52,0
DA:53,0
DA:64,0
DA:83,0
DA:93,0
DA:103,0
DA:116,1
LF:18
LH:1
BRDA:40,0,0,0
BRDA:40,0,1,0
BRDA:43,1,0,0
BRDA:43,1,1,0
BRF:4
BRH:0
end_of_record
TN:
SF:screens/TopNews.js
FN:17,TopNews
FN:25,(anonymous_1)
FN:28,(anonymous_2)
FN:34,(anonymous_3)
FN:67,(anonymous_4)
FN:70,(anonymous_5)
FNF:6
FNH:0
FNDA:0,TopNews
FNDA:0,(anonymous_1)
FNDA:0,(anonymous_2)
FNDA:0,(anonymous_3)
FNDA:0,(anonymous_4)
FNDA:0,(anonymous_5)
DA:18,0
DA:24,0
DA:25,0
DA:26,0
DA:28,0
DA:29,0
DA:30,0
DA:34,0
DA:35,0
DA:47,0
DA:67,0
DA:70,0
DA:78,1
LF:13
LH:1
BRDA:29,0,0,0
BRDA:29,0,1,0
BRDA:30,1,0,0
BRDA:30,1,1,0
BRDA:61,2,0,0
BRDA:61,2,1,0
BRDA:67,3,0,0
BRDA:67,3,1,0
BRF:8
BRH:0
end_of_record
